f:\programming code\c++ codes\glut\com.graphicsofflinedrawingroom\com.graphicsofflinedrawingroom\debug\main.obj
f:\programming code\c++ codes\glut\com.graphicsofflinedrawingroom\com.graphicsofflinedrawingroom\debug\vc100.pdb
f:\programming code\c++ codes\glut\com.graphicsofflinedrawingroom\debug\com.graphicsofflinedrawingroom.ilk
f:\programming code\c++ codes\glut\com.graphicsofflinedrawingroom\debug\com.graphicsofflinedrawingroom.exe
f:\programming code\c++ codes\glut\com.graphicsofflinedrawingroom\com.graphicsofflinedrawingroom\debug\com.graphicsofflinedrawingroom.exe.intermediate.manifest
f:\programming code\c++ codes\glut\com.graphicsofflinedrawingroom\debug\com.graphicsofflinedrawingroom.pdb
f:\programming code\c++ codes\glut\com.graphicsofflinedrawingroom\com.graphicsofflinedrawingroom\debug\vc140.pdb
f:\programming code\c++ codes\glut\com.graphicsofflinedrawingroom\com.graphicsofflinedrawingroom\debug\vc140.idb
f:\programming code\c++ codes\glut\com.graphicsofflinedrawingroom\com.graphicsofflinedrawingroom\debug\com.graphicsofflinedrawingroom.vcxprojresolveassemblyreference.cache
f:\programming code\c++ codes\glut\com.graphicsofflinedrawingroom\com.graphicsofflinedrawingroom\debug\cl.command.1.tlog
f:\programming code\c++ codes\glut\com.graphicsofflinedrawingroom\com.graphicsofflinedrawingroom\debug\cl.read.1.tlog
f:\programming code\c++ codes\glut\com.graphicsofflinedrawingroom\com.graphicsofflinedrawingroom\debug\cl.write.1.tlog
f:\programming code\c++ codes\glut\com.graphicsofflinedrawingroom\com.graphicsofflinedrawingroom\debug\com.graphicsofflinedrawingroom.write.1.tlog
f:\programming code\c++ codes\glut\com.graphicsofflinedrawingroom\com.graphicsofflinedrawingroom\debug\link.6496.read.1.tlog
f:\programming code\c++ codes\glut\com.graphicsofflinedrawingroom\com.graphicsofflinedrawingroom\debug\link.6496.write.1.tlog
f:\programming code\c++ codes\glut\com.graphicsofflinedrawingroom\com.graphicsofflinedrawingroom\debug\link.command.1.tlog
f:\programming code\c++ codes\glut\com.graphicsofflinedrawingroom\com.graphicsofflinedrawingroom\debug\link.read.1.tlog
f:\programming code\c++ codes\glut\com.graphicsofflinedrawingroom\com.graphicsofflinedrawingroom\debug\link.write.1.tlog
f:\programming code\c++ codes\glut\com.graphicsofflinedrawingroom\com.graphicsofflinedrawingroom\debug\mt.command.1.tlog
f:\programming code\c++ codes\glut\com.graphicsofflinedrawingroom\com.graphicsofflinedrawingroom\debug\mt.read.1.tlog
f:\programming code\c++ codes\glut\com.graphicsofflinedrawingroom\com.graphicsofflinedrawingroom\debug\mt.write.1.tlog
f:\programming code\c++ codes\glut\com.graphicsofflinedrawingroom\com.graphicsofflinedrawingroom\debug\vc100.idb
f:\programming code\c++ codes\glut\com.graphicsofflinedrawingroom\com.graphicsofflinedrawingroom\debug\com.grap.fd03efa2.tlog\cl.command.1.tlog
f:\programming code\c++ codes\glut\com.graphicsofflinedrawingroom\com.graphicsofflinedrawingroom\debug\com.grap.fd03efa2.tlog\cl.read.1.tlog
f:\programming code\c++ codes\glut\com.graphicsofflinedrawingroom\com.graphicsofflinedrawingroom\debug\com.grap.fd03efa2.tlog\cl.write.1.tlog
f:\programming code\c++ codes\glut\com.graphicsofflinedrawingroom\com.graphicsofflinedrawingroom\debug\com.grap.fd03efa2.tlog\link.command.1.tlog
f:\programming code\c++ codes\glut\com.graphicsofflinedrawingroom\com.graphicsofflinedrawingroom\debug\com.grap.fd03efa2.tlog\link.read.1.tlog
f:\programming code\c++ codes\glut\com.graphicsofflinedrawingroom\com.graphicsofflinedrawingroom\debug\com.grap.fd03efa2.tlog\link.write.1.tlog
